<?xml version="1.0" encoding="UTF-8"?>
<Site BuildName="(empty)"
	BuildStamp="20240121-0441-Experimental"
	Name="(empty)"
	Generator="ctest-3.28.1"
	CompilerName=""
	CompilerVersion=""
	OSName="Windows"
	Hostname="Giovani-NT"
	OSRelease=" Professional"
	OSVersion=" (Build 19045)"
	OSPlatform="AMD64"
	Is64Bits="1"
	VendorString="AuthenticAMD"
	VendorID="Advanced Micro Devices"
	FamilyID="15"
	ModelID="8"
	ProcessorCacheSize="64"
	NumberOfLogicalCPU="16"
	NumberOfPhysicalCPU="8"
	TotalVirtualMemory="16234"
	TotalPhysicalMemory="7530"
	LogicalProcessorsPerPhysical="2"
	ProcessorClockFrequency="1796"
	>
	<Testing>
		<StartDateTime>Jan 21 01:41 Hora oficial do Brasil</StartDateTime>
		<StartTestTime>1705812112</StartTestTime>
		<TestList/>
		<EndDateTime>Jan 21 01:41 Hora oficial do Brasil</EndDateTime>
		<EndTestTime>1705812112</EndTestTime>
		<ElapsedMinutes>0</ElapsedMinutes>
	</Testing>
</Site>
